  5.1.C.cpp
C:\Student\ Tkachenko.Marharyta.IK11\Lab5.1.C\Lab5.1.C\Complex.h(13,9): warning C4290: C++ exception specification ignored except to indicate a function is not __declspec(nothrow)
C:\Student\ Tkachenko.Marharyta.IK11\Lab5.1.C\Lab5.1.C\Complex.h(25,49): warning C4290: C++ exception specification ignored except to indicate a function is not __declspec(nothrow)
C:\Student\ Tkachenko.Marharyta.IK11\Lab5.1.C\Lab5.1.C\Complex.h(26,42): warning C4290: C++ exception specification ignored except to indicate a function is not __declspec(nothrow)
C:\Student\ Tkachenko.Marharyta.IK11\Lab5.1.C\Lab5.1.C\Complex.h(27,51): warning C4290: C++ exception specification ignored except to indicate a function is not __declspec(nothrow)
C:\Student\ Tkachenko.Marharyta.IK11\Lab5.1.C\Lab5.1.C\Complex.h(28,44): warning C4290: C++ exception specification ignored except to indicate a function is not __declspec(nothrow)
C:\Student\ Tkachenko.Marharyta.IK11\Lab5.1.C\Lab5.1.C\Complex.h(35,72): warning C4290: C++ exception specification ignored except to indicate a function is not __declspec(nothrow)
C:\Student\ Tkachenko.Marharyta.IK11\Lab5.1.C\Lab5.1.C\Complex_Private.h(2,1): warning C4103: alignment changed after including header, may be due to missing #pragma pack(pop)
C:\Student\ Tkachenko.Marharyta.IK11\Lab5.1.C\Lab5.1.C\Complex_Private.h(22,57): warning C4290: C++ exception specification ignored except to indicate a function is not __declspec(nothrow)
C:\Student\ Tkachenko.Marharyta.IK11\Lab5.1.C\Lab5.1.C\Complex_Private.h(23,50): warning C4290: C++ exception specification ignored except to indicate a function is not __declspec(nothrow)
C:\Student\ Tkachenko.Marharyta.IK11\Lab5.1.C\Lab5.1.C\Complex_Private.h(24,59): warning C4290: C++ exception specification ignored except to indicate a function is not __declspec(nothrow)
C:\Student\ Tkachenko.Marharyta.IK11\Lab5.1.C\Lab5.1.C\Complex_Private.h(25,52): warning C4290: C++ exception specification ignored except to indicate a function is not __declspec(nothrow)
C:\Student\ Tkachenko.Marharyta.IK11\Lab5.1.C\Lab5.1.C\Complex_Private.h(32,80): warning C4290: C++ exception specification ignored except to indicate a function is not __declspec(nothrow)
C:\Student\ Tkachenko.Marharyta.IK11\Lab5.1.C\Lab5.1.C\5.1.C.cpp(1,1): warning C4103: alignment changed after including header, may be due to missing #pragma pack(pop)
C:\Student\ Tkachenko.Marharyta.IK11\Lab5.1.C\Lab5.1.C\Complex_Public.h(13,56): warning C4290: C++ exception specification ignored except to indicate a function is not __declspec(nothrow)
C:\Student\ Tkachenko.Marharyta.IK11\Lab5.1.C\Lab5.1.C\Complex_Public.h(14,49): warning C4290: C++ exception specification ignored except to indicate a function is not __declspec(nothrow)
C:\Student\ Tkachenko.Marharyta.IK11\Lab5.1.C\Lab5.1.C\Complex_Public.h(15,58): warning C4290: C++ exception specification ignored except to indicate a function is not __declspec(nothrow)
C:\Student\ Tkachenko.Marharyta.IK11\Lab5.1.C\Lab5.1.C\Complex_Public.h(16,51): warning C4290: C++ exception specification ignored except to indicate a function is not __declspec(nothrow)
C:\Student\ Tkachenko.Marharyta.IK11\Lab5.1.C\Lab5.1.C\5.1.C.cpp(10,36): warning C4290: C++ exception specification ignored except to indicate a function is not __declspec(nothrow)
  Lab5.1.C.vcxproj -> C:\Student\ Tkachenko.Marharyta.IK11\Lab5.1.C\Debug\Lab5.1.C.exe
